Unity Editor version:    2021.3.13f1 (9e7d58001ecf)
Branch:                  2021.3/staging
Build type:              Release
Batch mode:              YES
macOS version:           Version 14.0 (Build 23A344)
Darwin version:          23.0.0
Architecture:            x86_64
Running under Rosetta:   YES
Available memory:        8192 MB
Using pre-set license
Pro License: YES

COMMAND LINE ARGUMENTS:
/Applications/Unity/Hub/Editor/2021.3.13f1/Unity.app/Contents/MacOS/Unity
-adb2
-batchMode
-noUpm
-name
AssetImportWorker0
-projectPath
/Users/kaushikapoori/Desktop/AR-Navigation/AR tech CSCE
-logFile
Logs/AssetImportWorker0.log
-srvPort
49191
Successfully changed project path to: /Users/kaushikapoori/Desktop/AR-Navigation/AR tech CSCE
/Users/kaushikapoori/Desktop/AR-Navigation/AR tech CSCE
[UnityMemory] Configuration Parameters - Can be set up in boot.config
    "memorysetup-bucket-allocator-granularity=16"
    "memorysetup-bucket-allocator-bucket-count=8"
    "memorysetup-bucket-allocator-block-size=33554432"
    "memorysetup-bucket-allocator-block-count=8"
    "memorysetup-main-allocator-block-size=16777216"
    "memorysetup-thread-allocator-block-size=16777216"
    "memorysetup-gfx-main-allocator-block-size=16777216"
    "memorysetup-gfx-thread-allocator-block-size=16777216"
    "memorysetup-cache-allocator-block-size=4194304"
    "memorysetup-typetree-allocator-block-size=2097152"
    "memorysetup-profiler-bucket-allocator-granularity=16"
    "memorysetup-profiler-bucket-allocator-bucket-count=8"
    "memorysetup-profiler-bucket-allocator-block-size=33554432"
    "memorysetup-profiler-bucket-allocator-block-count=8"
    "memorysetup-profiler-allocator-block-size=16777216"
    "memorysetup-profiler-editor-allocator-block-size=1048576"
    "memorysetup-temp-allocator-size-main=16777216"
    "memorysetup-job-temp-allocator-block-size=2097152"
    "memorysetup-job-temp-allocator-block-size-background=1048576"
    "memorysetup-job-temp-allocator-reduction-small-platforms=262144"
    "memorysetup-temp-allocator-size-background-worker=32768"
    "memorysetup-temp-allocator-size-job-worker=262144"
    "memorysetup-temp-allocator-size-preload-manager=33554432"
    "memorysetup-temp-allocator-size-nav-mesh-worker=65536"
    "memorysetup-temp-allocator-size-audio-worker=65536"
    "memorysetup-temp-allocator-size-cloud-worker=32768"
    "memorysetup-temp-allocator-size-gi-baking-worker=262144"
    "memorysetup-temp-allocator-size-gfx=262144"
Refreshing native plugins compatible for Editor in 127.58 ms, found 2 plugins.
Preloading 0 native plugins for Editor in 0.00 ms.
Initialize engine version: 2021.3.13f1 (9e7d58001ecf)
[Subsystems] Discovering subsystems at path /Applications/Unity/Hub/Editor/2021.3.13f1/Unity.app/Contents/Resources/UnitySubsystems
[Subsystems] Discovering subsystems at path /Users/kaushikapoori/Desktop/AR-Navigation/AR tech CSCE/Assets
GfxDevice: creating device client; threaded=0; jobified=0
 preferred device: Apple M2 (high power)
Metal devices available: 1
0: Apple M2 (high power)
Using device Apple M2 (high power)
Initializing Metal device caps: Apple M2
Initialize mono
Mono path[0] = '/Applications/Unity/Hub/Editor/2021.3.13f1/Unity.app/Contents/Managed'
Mono path[1] = '/Applications/Unity/Hub/Editor/2021.3.13f1/Unity.app/Contents/MonoBleedingEdge/lib/mono/unityjit-macos'
Mono config path = '/Applications/Unity/Hub/Editor/2021.3.13f1/Unity.app/Contents/MonoBleedingEdge/etc'
Using monoOptions --debugger-agent=transport=dt_socket,embedding=1,server=y,suspend=n,address=127.0.0.1:56172
Begin MonoManager ReloadAssembly
Registering precompiled unity dll's ...
Register platform support module: /Applications/Unity/Hub/Editor/2021.3.13f1/Unity.app/Contents/PlaybackEngines/MacStandaloneSupport/UnityEditor.OSXStandalone.Extensions.dll
Register platform support module: /Applications/Unity/Hub/Editor/2021.3.13f1/PlaybackEngines/AndroidPlayer/UnityEditor.Android.Extensions.dll
Register platform support module: /Applications/Unity/Hub/Editor/2021.3.13f1/PlaybackEngines/iOSSupport/UnityEditor.iOS.Extensions.dll
Register platform support module: /Applications/Unity/Hub/Editor/2021.3.13f1/PlaybackEngines/WindowsStandaloneSupport/UnityEditor.WindowsStandalone.Extensions.dll
Registered in 0.002374 seconds.
Native extension for WindowsStandalone target not found
[usbmuxd] Start listen thread
[usbmuxd] Listen thread started
[usbmuxd] Send listen message
Native extension for iOS target not found
2023-10-18 12:55:41.280 Unity[1172:20733] [XcodeApplications] Failed to read NSDictionary from path /Contents/Info.plist
Native extension for Android target not found
Native extension for OSXStandalone target not found
Refreshing native plugins compatible for Editor in 87.62 ms, found 2 plugins.
Preloading 0 native plugins for Editor in 0.00 ms.
Mono: successfully reloaded assembly
- Completed reload, in  1.382 seconds
Domain Reload Profiling:
	ReloadAssembly (1383ms)
		BeginReloadAssembly (124ms)
			ExecutionOrderSort (0ms)
			DisableScriptedObjects (0ms)
			BackupInstance (0ms)
			ReleaseScriptingObjects (0ms)
			CreateAndSetChildDomain (3ms)
		EndReloadAssembly (1038ms)
			LoadAssemblies (123ms)
			RebuildTransferFunctionScriptingTraits (0ms)
			SetupTypeCache (104ms)
			ReleaseScriptCaches (0ms)
			RebuildScriptCaches (29ms)
			SetupLoadedEditorAssemblies (772ms)
				LogAssemblyErrors (0ms)
				InitializePlatformSupportModulesInManaged (243ms)
				SetLoadedEditorAssemblies (1ms)
				RefreshPlugins (88ms)
				BeforeProcessingInitializeOnLoad (3ms)
				ProcessInitializeOnLoadAttributes (267ms)
				ProcessInitializeOnLoadMethodAttributes (169ms)
				AfterProcessingInitializeOnLoad (0ms)
				EditorAssembliesLoaded (1ms)
			ExecutionOrderSort2 (0ms)
			AwakeInstancesAfterBackupRestoration (0ms)
Platform modules already initialized, skipping
Registering precompiled user dll's ...
Registered in 0.005731 seconds.
Begin MonoManager ReloadAssembly
Symbol file LoadedFromMemory doesn't match image /Users/kaushikapoori/Desktop/AR-Navigation/AR tech CSCE/Library/PackageCache/com.unity.visualscripting@1.7.8/Editor/VisualScripting.Core/Dependencies/YamlDotNet/Unity.VisualScripting.YamlDotNet.dll
Symbol file LoadedFromMemory doesn't match image /Users/kaushikapoori/Desktop/AR-Navigation/AR tech CSCE/Library/PackageCache/com.unity.visualscripting@1.7.8/Editor/VisualScripting.Core/Dependencies/DotNetZip/Unity.VisualScripting.IonicZip.dll
Native extension for WindowsStandalone target not found
Native extension for iOS target not found
2023-10-18 12:55:44.114 Unity[1172:20733] [XcodeApplications] Failed to read NSDictionary from path /Contents/Info.plist
Native extension for Android target not found
Native extension for OSXStandalone target not found
Refreshing native plugins compatible for Editor in 0.88 ms, found 2 plugins.
Preloading 0 native plugins for Editor in 0.00 ms.
Mono: successfully reloaded assembly
- Completed reload, in  2.184 seconds
Domain Reload Profiling:
	ReloadAssembly (2186ms)
		BeginReloadAssembly (316ms)
			ExecutionOrderSort (0ms)
			DisableScriptedObjects (38ms)
			BackupInstance (0ms)
			ReleaseScriptingObjects (0ms)
			CreateAndSetChildDomain (135ms)
		EndReloadAssembly (1605ms)
			LoadAssemblies (123ms)
			RebuildTransferFunctionScriptingTraits (0ms)
			SetupTypeCache (251ms)
			ReleaseScriptCaches (3ms)
			RebuildScriptCaches (50ms)
			SetupLoadedEditorAssemblies (1028ms)
				LogAssemblyErrors (0ms)
				InitializePlatformSupportModulesInManaged (66ms)
				SetLoadedEditorAssemblies (2ms)
				RefreshPlugins (1ms)
				BeforeProcessingInitializeOnLoad (114ms)
				ProcessInitializeOnLoadAttributes (744ms)
				ProcessInitializeOnLoadMethodAttributes (101ms)
				AfterProcessingInitializeOnLoad (1ms)
				EditorAssembliesLoaded (0ms)
			ExecutionOrderSort2 (0ms)
			AwakeInstancesAfterBackupRestoration (9ms)
Platform modules already initialized, skipping
========================================================================
Worker process is ready to serve import requests
Launching external process: /Applications/Unity/Hub/Editor/2021.3.13f1/Unity.app/Contents/Tools/UnityShaderCompiler
Launched and connected shader compiler UnityShaderCompiler after 0.11 seconds
Refreshing native plugins compatible for Editor in 0.51 ms, found 2 plugins.
Preloading 0 native plugins for Editor in 0.00 ms.
Unloading 3420 Unused Serialized files (Serialized files now loaded: 0)
Unloading 27 unused Assets / (85.1 KB). Loaded Objects now: 3879.
Memory consumption went from 120.4 MB to 120.3 MB.
Total: 3.051958 ms (FindLiveObjects: 0.215084 ms CreateObjectMapping: 0.075209 ms MarkObjects: 2.622959 ms  DeleteObjects: 0.138000 ms)

AssetImportParameters requested are different than current active one (requested -> active):
  custom:video-decoder-ogg-theora: a1e56fd34408186e4bbccfd4996cb3dc -> 
  custom:container-muxer-webm: aa71ff27fc2769a1b78a27578f13a17b -> 
  custom:container-demuxer-webm: 4f35f7cbe854078d1ac9338744f61a02 -> 
  custom:video-encoder-webm-vp8: eb34c28f22e8b96e1ab97ce403110664 -> 
  custom:framework-osx-AVFoundation: e770b220cccbd017edd2c1fefb359320 -> 
  custom:audio-encoder-webm-vorbis: bf7c407c2cedff20999df2af8eb42d56 -> 
  custom:container-demuxer-ogg: 62fdf1f143b41e24485cea50d1cbac27 -> 
  custom:video-decoder-webm-vp8: 9c59270c3fd7afecdb556c50c9e8de78 -> 
  custom:audio-decoder-ogg-vorbis: bf7c407c2cedff20999df2af8eb42d56 -> 
========================================================================
Received Import Request.
  Time since last request: 2044.994591 seconds.
  path: Assets/UnityFigmaBridgeSettings.asset
  artifactKey: Guid(845b69dc0aefc468aa09a21266fe66a2) Importer(815301076,1909f56bfc062723c751e8b465ee728b)
Start importing Assets/UnityFigmaBridgeSettings.asset using Guid(845b69dc0aefc468aa09a21266fe66a2) Importer(815301076,1909f56bfc062723c751e8b465ee728b)  -> (artifact id: 'd0ccbb58742f840f3d489fd92b72fbb5') in 0.504019 seconds 
========================================================================
Received Import Request.
  Time since last request: 26.438449 seconds.
  path: Assets/New Scene.unity
  artifactKey: Guid(e244f6bd799fd41ca8b128d2e53a3b89) Importer(815301076,1909f56bfc062723c751e8b465ee728b)
Start importing Assets/New Scene.unity using Guid(e244f6bd799fd41ca8b128d2e53a3b89) Importer(815301076,1909f56bfc062723c751e8b465ee728b)  -> (artifact id: '446e3ead80eb7dce3603403ab290d385') in 0.001171 seconds 
========================================================================
Received Import Request.
  Time since last request: 57.848984 seconds.
  path: Assets/UnityFigmaBridgeSettings.asset
  artifactKey: Guid(845b69dc0aefc468aa09a21266fe66a2) Importer(815301076,1909f56bfc062723c751e8b465ee728b)
Start importing Assets/UnityFigmaBridgeSettings.asset using Guid(845b69dc0aefc468aa09a21266fe66a2) Importer(815301076,1909f56bfc062723c751e8b465ee728b)  -> (artifact id: '8de6ae927e6a65e52b81850eaebc2ef7') in 0.018092 seconds 
========================================================================
Received Import Request.
  Time since last request: 35.688353 seconds.
  path: Assets/scenes.unity
  artifactKey: Guid(41c5d9f5669f246eca9ba130cd3e38a9) Importer(815301076,1909f56bfc062723c751e8b465ee728b)
Start importing Assets/scenes.unity using Guid(41c5d9f5669f246eca9ba130cd3e38a9) Importer(815301076,1909f56bfc062723c751e8b465ee728b)  -> (artifact id: '94e054ede33d3b42e7ad2c3b8d43cd64') in 0.001310 seconds 
========================================================================
Received Import Request.
  Time since last request: 188.264871 seconds.
  path: Assets/UnityFigmaBridgeSettings.asset
  artifactKey: Guid(845b69dc0aefc468aa09a21266fe66a2) Importer(815301076,1909f56bfc062723c751e8b465ee728b)
Start importing Assets/UnityFigmaBridgeSettings.asset using Guid(845b69dc0aefc468aa09a21266fe66a2) Importer(815301076,1909f56bfc062723c751e8b465ee728b)  -> (artifact id: '98fbeda27ddcec1850ebb3fd12c3c8f0') in 0.005379 seconds 
========================================================================
Received Import Request.
  Time since last request: 17.569614 seconds.
  path: Assets/Guide.png
  artifactKey: Guid(3e674bfc94c43482090c0f97190ddd23) Importer(815301076,1909f56bfc062723c751e8b465ee728b)
Start importing Assets/Guide.png using Guid(3e674bfc94c43482090c0f97190ddd23) Importer(815301076,1909f56bfc062723c751e8b465ee728b)  -> (artifact id: '929b874c9772d555706f55b109dd7680') in 0.802229 seconds 
========================================================================
Received Import Request.
  Time since last request: 0.082769 seconds.
  path: Assets/profile creations.png
  artifactKey: Guid(6cc2f7445b59f4939a4dc2d08f28d0a4) Importer(815301076,1909f56bfc062723c751e8b465ee728b)
Start importing Assets/profile creations.png using Guid(6cc2f7445b59f4939a4dc2d08f28d0a4) Importer(815301076,1909f56bfc062723c751e8b465ee728b)  -> (artifact id: '91dddec9f0e9048fa56e767f7b0a4456') in 0.115906 seconds 
========================================================================
Received Import Request.
  Time since last request: 4.635320 seconds.
  path: Assets/Search AR.png
  artifactKey: Guid(7370e0b2caf384830b03ed06f2125dc1) Importer(815301076,1909f56bfc062723c751e8b465ee728b)
Start importing Assets/Search AR.png using Guid(7370e0b2caf384830b03ed06f2125dc1) Importer(815301076,1909f56bfc062723c751e8b465ee728b)  -> (artifact id: '3390a6946f1e49e371dc786b11901186') in 0.212593 seconds 
========================================================================
Received Import Request.
  Time since last request: 0.326612 seconds.
  path: Assets/Home.png
  artifactKey: Guid(78a5e66fbf00b40d792cc54423abd056) Importer(815301076,1909f56bfc062723c751e8b465ee728b)
Start importing Assets/Home.png using Guid(78a5e66fbf00b40d792cc54423abd056) Importer(815301076,1909f56bfc062723c751e8b465ee728b)  -> (artifact id: '0ce16ec6c023be09515956511e846169') in 0.108988 seconds 
========================================================================
Received Import Request.
  Time since last request: 4.364983 seconds.
  path: Assets/Sign in.png
  artifactKey: Guid(44fbb7829191140dcae3352d4897af8b) Importer(815301076,1909f56bfc062723c751e8b465ee728b)
Start importing Assets/Sign in.png using Guid(44fbb7829191140dcae3352d4897af8b) Importer(815301076,1909f56bfc062723c751e8b465ee728b)  -> (artifact id: '412101e2b189c9878c82707523d238e6') in 0.111250 seconds 
========================================================================
Received Import Request.
  Time since last request: 0.403765 seconds.
  path: Assets/Sign up.png
  artifactKey: Guid(48974bb3e36474df5bd7ac2b0e8c9c3b) Importer(815301076,1909f56bfc062723c751e8b465ee728b)
Start importing Assets/Sign up.png using Guid(48974bb3e36474df5bd7ac2b0e8c9c3b) Importer(815301076,1909f56bfc062723c751e8b465ee728b)  -> (artifact id: '9def2eabc4dad3a0b81263d96ce4b1ae') in 0.117509 seconds 
========================================================================
Received Import Request.
  Time since last request: 0.379173 seconds.
  path: Assets/Welcome.png
  artifactKey: Guid(254baa2adf94f4be1879dd2cf7049d21) Importer(815301076,1909f56bfc062723c751e8b465ee728b)
Start importing Assets/Welcome.png using Guid(254baa2adf94f4be1879dd2cf7049d21) Importer(815301076,1909f56bfc062723c751e8b465ee728b)  -> (artifact id: '032763345b5c46a796b898a0262c5e7a') in 0.115425 seconds 
========================================================================
Received Import Request.
  Time since last request: 0.566332 seconds.
  path: Assets/Landing.png
  artifactKey: Guid(eeae633cb5c6d44ee819bafc3a2a9af7) Importer(815301076,1909f56bfc062723c751e8b465ee728b)
Start importing Assets/Landing.png using Guid(eeae633cb5c6d44ee819bafc3a2a9af7) Importer(815301076,1909f56bfc062723c751e8b465ee728b)  -> (artifact id: 'e0823ef09c8cffde71bbc1cb8dde175d') in 0.098622 seconds 
========================================================================
Received Prepare
Registering precompiled user dll's ...
Registered in 0.001628 seconds.
Begin MonoManager ReloadAssembly
Symbol file LoadedFromMemory doesn't match image /Users/kaushikapoori/Desktop/AR-Navigation/AR tech CSCE/Library/PackageCache/com.unity.visualscripting@1.7.8/Editor/VisualScripting.Core/Dependencies/YamlDotNet/Unity.VisualScripting.YamlDotNet.dll
Symbol file LoadedFromMemory doesn't match image /Users/kaushikapoori/Desktop/AR-Navigation/AR tech CSCE/Library/PackageCache/com.unity.visualscripting@1.7.8/Editor/VisualScripting.Core/Dependencies/DotNetZip/Unity.VisualScripting.IonicZip.dll
Native extension for WindowsStandalone target not found
Native extension for iOS target not found
2023-10-18 13:05:58.736 Unity[1172:20733] [XcodeApplications] Failed to read NSDictionary from path /Contents/Info.plist
Native extension for Android target not found
Native extension for OSXStandalone target not found
Refreshing native plugins compatible for Editor in 0.56 ms, found 2 plugins.
Preloading 0 native plugins for Editor in 0.00 ms.
Mono: successfully reloaded assembly
- Completed reload, in  2.015 seconds
Domain Reload Profiling:
	ReloadAssembly (2017ms)
		BeginReloadAssembly (261ms)
			ExecutionOrderSort (0ms)
			DisableScriptedObjects (36ms)
			BackupInstance (0ms)
			ReleaseScriptingObjects (0ms)
			CreateAndSetChildDomain (78ms)
		EndReloadAssembly (1569ms)
			LoadAssemblies (97ms)
			RebuildTransferFunctionScriptingTraits (0ms)
			SetupTypeCache (255ms)
			ReleaseScriptCaches (1ms)
			RebuildScriptCaches (40ms)
			SetupLoadedEditorAssemblies (1022ms)
				LogAssemblyErrors (0ms)
				InitializePlatformSupportModulesInManaged (87ms)
				SetLoadedEditorAssemblies (1ms)
				RefreshPlugins (1ms)
				BeforeProcessingInitializeOnLoad (90ms)
				ProcessInitializeOnLoadAttributes (734ms)
				ProcessInitializeOnLoadMethodAttributes (108ms)
				AfterProcessingInitializeOnLoad (1ms)
				EditorAssembliesLoaded (0ms)
			ExecutionOrderSort2 (0ms)
			AwakeInstancesAfterBackupRestoration (9ms)
Platform modules already initialized, skipping
Refreshing native plugins compatible for Editor in 1.30 ms, found 2 plugins.
Preloading 0 native plugins for Editor in 0.00 ms.
Unloading 3400 Unused Serialized files (Serialized files now loaded: 0)
Unloading 20 unused Assets / (64.9 KB). Loaded Objects now: 3889.
Memory consumption went from 281.4 MB to 281.3 MB.
Total: 2.684541 ms (FindLiveObjects: 0.328583 ms CreateObjectMapping: 0.067333 ms MarkObjects: 2.218375 ms  DeleteObjects: 0.069750 ms)

AssetImportParameters requested are different than current active one (requested -> active):
  custom:video-decoder-ogg-theora: a1e56fd34408186e4bbccfd4996cb3dc -> 
  custom:container-muxer-webm: aa71ff27fc2769a1b78a27578f13a17b -> 
  custom:container-demuxer-webm: 4f35f7cbe854078d1ac9338744f61a02 -> 
  custom:video-encoder-webm-vp8: eb34c28f22e8b96e1ab97ce403110664 -> 
  custom:framework-osx-AVFoundation: e770b220cccbd017edd2c1fefb359320 -> 
  custom:audio-encoder-webm-vorbis: bf7c407c2cedff20999df2af8eb42d56 -> 
  custom:container-demuxer-ogg: 62fdf1f143b41e24485cea50d1cbac27 -> 
  custom:video-decoder-webm-vp8: 9c59270c3fd7afecdb556c50c9e8de78 -> 
  custom:audio-decoder-ogg-vorbis: bf7c407c2cedff20999df2af8eb42d56 -> 
